0 info it worked if it ends with ok
1 verbose cli [ 'E:\\应用软件\\node\\node.exe',
1 verbose cli   'E:\\应用软件\\node\\node_modules\\npm\\bin\\npm-cli.js',
1 verbose cli   'run',
1 verbose cli   'build' ]
2 info using npm@3.10.8
3 info using node@v6.9.1
4 verbose run-script [ 'prebuild', 'build', 'postbuild' ]
5 info lifecycle blog@1.0.0~prebuild: blog@1.0.0
6 silly lifecycle blog@1.0.0~prebuild: no script for prebuild, continuing
7 info lifecycle blog@1.0.0~build: blog@1.0.0
8 verbose lifecycle blog@1.0.0~build: unsafe-perm in lifecycle true
9 verbose lifecycle blog@1.0.0~build: PATH: E:\应用软件\node\node_modules\npm\bin\node-gyp-bin;E:\blog\node_modules\.bin;%APPCAN_PATH%;C:\Program Files (x86)\Common Files\NetSarang;C:\WINDOWS\system32;C:\WINDOWS;C:\WINDOWS\System32\Wbem;C:\WINDOWS\System32\WindowsPowerShell\v1.0\;C:\Program Files (x86)\NVIDIA Corporation\PhysX\Common;C:\WINDOWS\system32;C:\WINDOWS;C:\WINDOWS\System32\Wbem;C:\WINDOWS\System32\WindowsPowerShell\v1.0\;E:\应用软件\node\;C:\Users\Administrator\AppData\Local\atom\bin;C:\Users\Administrator\AppData\Local\Microsoft\WindowsApps;C:\Users\Administrator\AppData\Roaming\npm
10 verbose lifecycle blog@1.0.0~build: CWD: E:\blog
11 silly lifecycle blog@1.0.0~build: Args: [ '/d /s /c', 'node server.js' ]
12 silly lifecycle blog@1.0.0~build: Returned: code: 3221225786  signal: null
13 info lifecycle blog@1.0.0~build: Failed to exec build script
14 verbose stack Error: blog@1.0.0 build: `node server.js`
14 verbose stack Exit status 3221225786
14 verbose stack     at EventEmitter.<anonymous> (E:\应用软件\node\node_modules\npm\lib\utils\lifecycle.js:255:16)
14 verbose stack     at emitTwo (events.js:106:13)
14 verbose stack     at EventEmitter.emit (events.js:191:7)
14 verbose stack     at ChildProcess.<anonymous> (E:\应用软件\node\node_modules\npm\lib\utils\spawn.js:40:14)
14 verbose stack     at emitTwo (events.js:106:13)
14 verbose stack     at ChildProcess.emit (events.js:191:7)
14 verbose stack     at maybeClose (internal/child_process.js:877:16)
14 verbose stack     at Process.ChildProcess._handle.onexit (internal/child_process.js:226:5)
15 verbose pkgid blog@1.0.0
16 verbose cwd E:\blog
17 error Windows_NT 10.0.14393
18 error argv "E:\\应用软件\\node\\node.exe" "E:\\应用软件\\node\\node_modules\\npm\\bin\\npm-cli.js" "run" "build"
19 error node v6.9.1
20 error npm  v3.10.8
21 error code ELIFECYCLE
22 error blog@1.0.0 build: `node server.js`
22 error Exit status 3221225786
23 error Failed at the blog@1.0.0 build script 'node server.js'.
23 error Make sure you have the latest version of node.js and npm installed.
23 error If you do, this is most likely a problem with the blog package,
23 error not with npm itself.
23 error Tell the author that this fails on your system:
23 error     node server.js
23 error You can get information on how to open an issue for this project with:
23 error     npm bugs blog
23 error Or if that isn't available, you can get their info via:
23 error     npm owner ls blog
23 error There is likely additional logging output above.
24 verbose exit [ 1, true ]
